<?xml version="1.0" encoding="UTF-8"?>
<testng-results skipped="0" failed="0" ignored="0" total="1" passed="1">
  <reporter-output>
  </reporter-output>
  <suite name="Suite" duration-ms="25439" started-at="2023-03-01T10:10:52Z" finished-at="2023-03-01T10:11:17Z">
    <groups>
    </groups>
    <test name="Test" duration-ms="25439" started-at="2023-03-01T10:10:52Z" finished-at="2023-03-01T10:11:17Z">
      <class name="com.amazon.Dashboard.TC_HomePage">
        <test-method status="PASS" signature="reports()[pri:0, instance:com.amazon.Dashboard.TC_HomePage@3bfdc050]" name="reports" is-config="true" duration-ms="118" started-at="2023-03-01T10:10:52Z" finished-at="2023-03-01T10:10:52Z">
          <reporter-output>
          </reporter-output>
        </test-method> <!-- reports -->
        <test-method status="PASS" signature="HomePage()[pri:0, instance:com.amazon.Dashboard.TC_HomePage@3bfdc050]" name="HomePage" duration-ms="24403" started-at="2023-03-01T10:10:52Z" finished-at="2023-03-01T10:11:16Z">
          <reporter-output>
          </reporter-output>
        </test-method> <!-- HomePage -->
        <test-method status="PASS" signature="tearDownMethod(org.testng.ITestResult)[pri:0, instance:com.amazon.Dashboard.TC_HomePage@3bfdc050]" name="tearDownMethod" is-config="true" duration-ms="366" started-at="2023-03-01T10:11:16Z" finished-at="2023-03-01T10:11:17Z">
          <params>
            <param index="0">
              <value>
                <![CDATA[[TestResult name=HomePage status=SUCCESS method=TC_HomePage.HomePage()[pri:0, instance:com.amazon.Dashboard.TC_HomePage@3bfdc050] output={null}]]]>
              </value>
            </param>
          </params>
          <reporter-output>
          </reporter-output>
        </test-method> <!-- tearDownMethod -->
        <test-method status="PASS" signature="quitBrowser()[pri:0, instance:com.amazon.Dashboard.TC_HomePage@3bfdc050]" name="quitBrowser" is-config="true" duration-ms="657" started-at="2023-03-01T10:11:17Z" finished-at="2023-03-01T10:11:17Z">
          <reporter-output>
          </reporter-output>
        </test-method> <!-- quitBrowser -->
      </class> <!-- com.amazon.Dashboard.TC_HomePage -->
    </test> <!-- Test -->
  </suite> <!-- Suite -->
</testng-results>
