<?xml version="1.0" encoding="UTF-8"?>
<testng-results skipped="0" failed="0" ignored="0" total="1" passed="1">
  <reporter-output>
  </reporter-output>
  <suite name="Default suite" duration-ms="24777" started-at="2023-02-23T05:43:39Z" finished-at="2023-02-23T05:44:04Z">
    <groups>
    </groups>
    <test name="Default test" duration-ms="24777" started-at="2023-02-23T05:43:39Z" finished-at="2023-02-23T05:44:04Z">
      <class name="com.amazon.Dashboard.TC_HomePage">
        <test-method status="PASS" signature="reports()[pri:0, instance:com.amazon.Dashboard.TC_HomePage@3bfdc050]" name="reports" is-config="true" duration-ms="122" started-at="2023-02-23T05:43:39Z" finished-at="2023-02-23T05:43:39Z">
          <reporter-output>
          </reporter-output>
        </test-method> <!-- reports -->
        <test-method status="PASS" signature="HomePage()[pri:0, instance:com.amazon.Dashboard.TC_HomePage@3bfdc050]" name="HomePage" duration-ms="23698" started-at="2023-02-23T05:43:39Z" finished-at="2023-02-23T05:44:03Z">
          <reporter-output>
          </reporter-output>
        </test-method> <!-- HomePage -->
        <test-method status="PASS" signature="tearDownMethod(org.testng.ITestResult)[pri:0, instance:com.amazon.Dashboard.TC_HomePage@3bfdc050]" name="tearDownMethod" is-config="true" duration-ms="384" started-at="2023-02-23T05:44:03Z" finished-at="2023-02-23T05:44:03Z">
          <params>
            <param index="0">
              <value>
                <![CDATA[[TestResult name=HomePage status=SUCCESS method=TC_HomePage.HomePage()[pri:0, instance:com.amazon.Dashboard.TC_HomePage@3bfdc050] output={null}]]]>
              </value>
            </param>
          </params>
          <reporter-output>
          </reporter-output>
        </test-method> <!-- tearDownMethod -->
        <test-method status="PASS" signature="quitBrowser()[pri:0, instance:com.amazon.Dashboard.TC_HomePage@3bfdc050]" name="quitBrowser" is-config="true" duration-ms="678" started-at="2023-02-23T05:44:03Z" finished-at="2023-02-23T05:44:04Z">
          <reporter-output>
          </reporter-output>
        </test-method> <!-- quitBrowser -->
      </class> <!-- com.amazon.Dashboard.TC_HomePage -->
    </test> <!-- Default test -->
  </suite> <!-- Default suite -->
</testng-results>
